<?xml version="1.0" encoding="UTF-8"?>
<!-- Generated by org.testng.reporters.JUnitReportReporter -->
<testsuite hostname="LAPTOP-9PSLU48T" failures="0" tests="1" name="ddt.readDataFromCmdLine" time="0.007" errors="0" timestamp="2022-09-09T11:44:55 IST" skipped="0">
  <testcase classname="ddt.readDataFromCmdLine" name="ReadData" time="0.007"/>
  <system-out/>
</testsuite> <!-- ddt.readDataFromCmdLine -->
