<?xml version="1.0" encoding="UTF-8"?>
<!-- Generated by org.testng.reporters.JUnitReportReporter -->
<testsuite hostname="LAPTOP-9PSLU48T" failures="0" tests="4" name="ddt.ContactTest" time="0.011" errors="0" timestamp="2022-09-15T12:53:40 IST" skipped="0">
  <testcase classname="ddt.ContactTest" name="createDeleted" time="0.001"/>
  <system-out/>
  <testcase classname="ddt.ContactTest" name="createNewContactTest" time="0.002"/>
  <system-out/>
  <testcase classname="ddt.ContactTest" name="createModifiedTest" time="0.001"/>
  <system-out/>
  <testcase classname="ddt.ContactTest" name="createContactTest" time="0.007"/>
  <system-out/>
</testsuite> <!-- ddt.ContactTest -->
