<?xml version="1.0" encoding="UTF-8"?>
<!-- Generated by org.testng.reporters.JUnitReportReporter -->
<testsuite hostname="LAPTOP-9PSLU48T" failures="0" tests="1" name="sampleTest.DemoTest" time="0.008" errors="0" timestamp="2022-09-09T10:09:45 IST" skipped="0">
  <testcase classname="sampleTest.DemoTest" name="demoTest" time="0.008"/>
  <system-out/>
</testsuite> <!-- sampleTest.DemoTest -->
