<?xml version="1.0" encoding="UTF-8"?>
<!-- Generated by org.testng.reporters.JUnitReportReporter -->
<testsuite hostname="LAPTOP-9PSLU48T" failures="0" tests="4" name="ddt.ContactTest" time="0.009" errors="0" timestamp="2022-09-13T18:42:17 IST" skipped="0">
  <testcase classname="ddt.ContactTest" name="createContact" time="0.007"/>
  <system-out/>
  <testcase classname="ddt.ContactTest" name="createNewContact" time="0.000"/>
  <system-out/>
  <testcase classname="ddt.ContactTest" name="createDeleted" time="0.001"/>
  <system-out/>
  <testcase classname="ddt.ContactTest" name="createModified" time="0.001"/>
  <system-out/>
</testsuite> <!-- ddt.ContactTest -->
