<?xml version="1.0" encoding="UTF-8"?>
<!-- Generated by org.testng.reporters.JUnitReportReporter -->
<testsuite hostname="LAPTOP-9PSLU48T" failures="0" tests="1" name="sampleTest.SampleTest" time="0.002" errors="0" timestamp="2022-09-15T12:53:40 IST" skipped="0">
  <testcase classname="sampleTest.SampleTest" name="sampleTest" time="0.002"/>
  <system-out/>
</testsuite> <!-- sampleTest.SampleTest -->
