<?xml version="1.0" encoding="UTF-8"?>
<!-- Generated by org.testng.reporters.JUnitReportReporter -->
<testsuite hostname="LAPTOP-9PSLU48T" failures="0" tests="4" name="ddt.OrganizationTest" time="0.010" errors="0" timestamp="2022-09-11T20:15:52 IST" skipped="0">
  <testcase classname="ddt.OrganizationTest" name="runTimeOrguments" time="0.007"/>
  <system-out/>
  <testcase classname="ddt.OrganizationTest" name="orgCreated" time="0.001"/>
  <system-out/>
  <testcase classname="ddt.OrganizationTest" name="orgModified" time="0.001"/>
  <system-out/>
  <testcase classname="ddt.OrganizationTest" name="orgDeleted" time="0.001"/>
  <system-out/>
</testsuite> <!-- ddt.OrganizationTest -->
